<?xml version="1.0" encoding="UTF-8"?>
<!-- Generated by org.testng.reporters.JUnitReportReporter -->
<testsuite skipped="0" hostname="A2ML27178" name="com.incubyte.gmailAutomation.YahooAutomationRunner" tests="2" failures="0" timestamp="13 Dec 2020 06:30:51 GMT" time="226.328" errors="0">
  <testcase name="composeMainAndSend" time="88.639" classname="com.incubyte.gmailAutomation.YahooAutomationRunner"/>
  <testcase name="discardMail" time="137.689" classname="com.incubyte.gmailAutomation.YahooAutomationRunner"/>
</testsuite> <!-- com.incubyte.gmailAutomation.YahooAutomationRunner -->
